[ 2016-12-16T11:39:54+08:00 ] 127.0.0.1 /index.php/Home/Goods/category
INFO: [ app_init ] --START--
INFO: Run Behavior\BuildLiteBehavior [ RunTime:0.000030s ]
INFO: [ app_init ] --END-- [ RunTime:0.000684s ]
INFO: [ app_begin ] --START--
INFO: Run Behavior\ReadHtmlCacheBehavior [ RunTime:0.001392s ]
INFO: [ app_begin ] --END-- [ RunTime:0.001538s ]
INFO: [ view_parse ] --START--
INFO: [ template_filter ] --START--
INFO: Run Behavior\ContentReplaceBehavior [ RunTime:0.000435s ]
INFO: [ template_filter ] --END-- [ RunTime:0.000550s ]
INFO: Run Behavior\ParseTemplateBehavior [ RunTime:0.094725s ]
INFO: [ view_parse ] --END-- [ RunTime:0.094864s ]
INFO: [ view_filter ] --START--
INFO: Run Behavior\WriteHtmlCacheBehavior [ RunTime:0.000744s ]
INFO: [ view_filter ] --END-- [ RunTime:0.000868s ]
INFO: [ app_end ] --START--
INFO: Run Behavior\ShowPageTraceBehavior [ RunTime:0.001474s ]
INFO: [ app_end ] --END-- [ RunTime:0.001616s ]

[ 2016-12-16T11:40:02+08:00 ] 127.0.0.1 /index.php/Home/Goods/show
INFO: [ app_init ] --START--
INFO: Run Behavior\BuildLiteBehavior [ RunTime:0.000025s ]
INFO: [ app_init ] --END-- [ RunTime:0.000620s ]
INFO: [ app_begin ] --START--
INFO: Run Behavior\ReadHtmlCacheBehavior [ RunTime:0.001031s ]
INFO: [ app_begin ] --END-- [ RunTime:0.001150s ]
ERR: 非法操作:show

[ 2016-12-16T16:19:59+08:00 ] 127.0.0.1 /index.php/Home/Goods/category
INFO: [ app_init ] --START--
INFO: Run Behavior\BuildLiteBehavior [ RunTime:0.000038s ]
INFO: [ app_init ] --END-- [ RunTime:0.001299s ]
INFO: [ app_begin ] --START--
INFO: Run Behavior\ReadHtmlCacheBehavior [ RunTime:0.001611s ]
INFO: [ app_begin ] --END-- [ RunTime:0.001771s ]
INFO: [ view_parse ] --START--
INFO: [ template_filter ] --START--
INFO: Run Behavior\ContentReplaceBehavior [ RunTime:0.000446s ]
INFO: [ template_filter ] --END-- [ RunTime:0.000579s ]
INFO: Run Behavior\ParseTemplateBehavior [ RunTime:0.069511s ]
INFO: [ view_parse ] --END-- [ RunTime:0.069767s ]
INFO: [ view_filter ] --START--
INFO: Run Behavior\WriteHtmlCacheBehavior [ RunTime:0.003204s ]
INFO: [ view_filter ] --END-- [ RunTime:0.003422s ]
INFO: [ app_end ] --START--
INFO: Run Behavior\ShowPageTraceBehavior [ RunTime:0.002058s ]
INFO: [ app_end ] --END-- [ RunTime:0.002253s ]

[ 2016-12-16T16:22:33+08:00 ] 127.0.0.1 /index.php/Home/Goods/category
INFO: [ app_init ] --START--
INFO: Run Behavior\BuildLiteBehavior [ RunTime:0.000026s ]
INFO: [ app_init ] --END-- [ RunTime:0.000637s ]
INFO: [ app_begin ] --START--
INFO: Run Behavior\ReadHtmlCacheBehavior [ RunTime:0.001194s ]
INFO: [ app_begin ] --END-- [ RunTime:0.001325s ]
INFO: [ view_parse ] --START--
INFO: [ template_filter ] --START--
INFO: Run Behavior\ContentReplaceBehavior [ RunTime:0.000522s ]
INFO: [ template_filter ] --END-- [ RunTime:0.000763s ]
INFO: Run Behavior\ParseTemplateBehavior [ RunTime:0.025685s ]
INFO: [ view_parse ] --END-- [ RunTime:0.025839s ]
INFO: [ view_filter ] --START--
INFO: Run Behavior\WriteHtmlCacheBehavior [ RunTime:0.000635s ]
INFO: [ view_filter ] --END-- [ RunTime:0.000726s ]
INFO: [ app_end ] --START--
INFO: Run Behavior\ShowPageTraceBehavior [ RunTime:0.001086s ]
INFO: [ app_end ] --END-- [ RunTime:0.001177s ]

[ 2016-12-16T16:26:31+08:00 ] 127.0.0.1 /index.php/Home/Goods/category
INFO: [ app_init ] --START--
INFO: Run Behavior\BuildLiteBehavior [ RunTime:0.000030s ]
INFO: [ app_init ] --END-- [ RunTime:0.000768s ]
INFO: [ app_begin ] --START--
INFO: Run Behavior\ReadHtmlCacheBehavior [ RunTime:0.001049s ]
INFO: [ app_begin ] --END-- [ RunTime:0.001153s ]
INFO: [ view_parse ] --START--
INFO: [ template_filter ] --START--
INFO: Run Behavior\ContentReplaceBehavior [ RunTime:0.000571s ]
INFO: [ template_filter ] --END-- [ RunTime:0.000722s ]
INFO: Run Behavior\ParseTemplateBehavior [ RunTime:0.025997s ]
INFO: [ view_parse ] --END-- [ RunTime:0.026139s ]
INFO: [ view_filter ] --START--
INFO: Run Behavior\WriteHtmlCacheBehavior [ RunTime:0.001030s ]
INFO: [ view_filter ] --END-- [ RunTime:0.001131s ]
INFO: [ app_end ] --START--
INFO: Run Behavior\ShowPageTraceBehavior [ RunTime:0.001256s ]
INFO: [ app_end ] --END-- [ RunTime:0.001414s ]

[ 2016-12-16T17:16:08+08:00 ] 127.0.0.1 /index.php/Home/Goods/category
INFO: [ app_init ] --START--
INFO: Run Behavior\BuildLiteBehavior [ RunTime:0.000030s ]
INFO: [ app_init ] --END-- [ RunTime:0.000663s ]
INFO: [ app_begin ] --START--
INFO: Run Behavior\ReadHtmlCacheBehavior [ RunTime:0.001023s ]
INFO: [ app_begin ] --END-- [ RunTime:0.001255s ]
INFO: [ view_parse ] --START--
INFO: [ template_filter ] --START--
INFO: Run Behavior\ContentReplaceBehavior [ RunTime:0.000435s ]
INFO: [ template_filter ] --END-- [ RunTime:0.000551s ]
INFO: Run Behavior\ParseTemplateBehavior [ RunTime:0.024325s ]
INFO: [ view_parse ] --END-- [ RunTime:0.024463s ]
INFO: [ view_filter ] --START--
INFO: Run Behavior\WriteHtmlCacheBehavior [ RunTime:0.000600s ]
INFO: [ view_filter ] --END-- [ RunTime:0.000748s ]
INFO: [ app_end ] --START--
INFO: Run Behavior\ShowPageTraceBehavior [ RunTime:0.004296s ]
INFO: [ app_end ] --END-- [ RunTime:0.004892s ]

[ 2016-12-16T21:04:09+08:00 ] 127.0.0.1 /index.php/Home/Goods/category
INFO: [ app_init ] --START--
INFO: Run Behavior\BuildLiteBehavior [ RunTime:0.000032s ]
INFO: [ app_init ] --END-- [ RunTime:0.000847s ]
INFO: [ app_begin ] --START--
INFO: Run Behavior\ReadHtmlCacheBehavior [ RunTime:0.001386s ]
INFO: [ app_begin ] --END-- [ RunTime:0.001538s ]
INFO: [ view_parse ] --START--
INFO: [ template_filter ] --START--
INFO: Run Behavior\ContentReplaceBehavior [ RunTime:0.000513s ]
INFO: [ template_filter ] --END-- [ RunTime:0.000665s ]
INFO: Run Behavior\ParseTemplateBehavior [ RunTime:0.093628s ]
INFO: [ view_parse ] --END-- [ RunTime:0.093805s ]
INFO: [ view_filter ] --START--
INFO: Run Behavior\WriteHtmlCacheBehavior [ RunTime:0.000993s ]
INFO: [ view_filter ] --END-- [ RunTime:0.001167s ]
INFO: [ app_end ] --START--
INFO: Run Behavior\ShowPageTraceBehavior [ RunTime:0.001537s ]
INFO: [ app_end ] --END-- [ RunTime:0.001695s ]

